<?xml version="1.0" encoding="UTF-8"?>
<testng-results ignored="0" total="1" passed="1" failed="0" skipped="0">
  <reporter-output>
  </reporter-output>
  <suite started-at="2024-02-10T12:49:22 EST" name="Default suite" finished-at="2024-02-10T12:49:29 EST" duration-ms="7509">
    <groups>
    </groups>
    <test started-at="2024-02-10T12:49:22 EST" name="Default test" finished-at="2024-02-10T12:49:29 EST" duration-ms="7509">
      <class name="seleniumDemo.CreateAccount">
        <test-method signature="createAccount()[pri:0, instance:seleniumDemo.CreateAccount@3349e9bb]" started-at="2024-02-10T12:49:22 EST" name="createAccount" finished-at="2024-02-10T12:49:29 EST" duration-ms="7441" status="PASS">
          <reporter-output>
          </reporter-output>
        </test-method> <!-- createAccount -->
      </class> <!-- seleniumDemo.CreateAccount -->
    </test> <!-- Default test -->
  </suite> <!-- Default suite -->
</testng-results>
